2026-02-18T20:41:31.084Z INFO Is remote: false
2026-02-18T20:41:31.084Z INFO Starting Local. Installation path: undefined
2026-02-18T20:41:31.085Z INFO [MainProvider] Creating new MainProvider instance...
2026-02-18T20:41:31.086Z INFO [TabsManager] Code view listener set up at initialization
2026-02-18T20:41:31.086Z INFO Installation path exists: d:\Apoorv_Resume\Portfolio
2026-02-18T20:41:31.086Z INFO Initializing database with URL: file:C:\Users\APOORV\AppData\Local\Temp\pythagora-temp\pythagora.db
2026-02-18T20:41:31.089Z INFO Database file exists, skipping prisma generate/push for faster startup
2026-02-18T20:41:31.089Z INFO Database initialized successfully
2026-02-18T20:41:31.089Z INFO [Migration] Checking for database migration...
2026-02-18T20:41:31.143Z INFO [Migration] No migration needed
2026-02-18T20:41:59.836Z INFO [TabsManager] First file opened, triggering split view
2026-02-18T20:41:59.837Z INFO [MainProvider] First file opened, creating split view
2026-02-18T20:42:54.252Z INFO Closing entire Pythagora extension...
2026-02-18T20:42:54.253Z ERROR Error closing extension
Error: Canceled
Stack: Canceled: Canceled
	at new rU (file:///c:/Users/APOORV/AppData/Local/Programs/Microsoft%20VS%20Code/c3a26841a8/resources/app/out/vs/workbench/api/node/extensionHostProcess.js:29:120928)
	at LE.U (file:///c:/Users/APOORV/AppData/Local/Programs/Microsoft%20VS%20Code/c3a26841a8/resources/app/out/vs/workbench/api/node/extensionHostProcess.js:29:125538)
	at r.<computed>.n.charCodeAt.r.<computed> (file:///c:/Users/APOORV/AppData/Local/Programs/Microsoft%20VS%20Code/c3a26841a8/resources/app/out/vs/workbench/api/node/extensionHostProcess.js:29:123032)
	at CA.g (file:///c:/Users/APOORV/AppData/Local/Programs/Microsoft%20VS%20Code/c3a26841a8/resources/app/out/vs/workbench/api/node/extensionHostProcess.js:116:41231)
	at CA.executeCommand (file:///c:/Users/APOORV/AppData/Local/Programs/Microsoft%20VS%20Code/c3a26841a8/resources/app/out/vs/workbench/api/node/extensionHostProcess.js:116:40735)
	at Object.executeCommand (file:///c:/Users/APOORV/AppData/Local/Programs/Microsoft%20VS%20Code/c3a26841a8/resources/app/out/vs/workbench/api/node/extensionHostProcess.js:213:104946)
	at closeEntirePythagoraExtension (c:\Users\APOORV\.vscode\extensions\pythagoratechnologies.pythagora-vs-code-2.6.19\out\extension.js:542:31)
	at Object.deactivate (c:\Users\APOORV\.vscode\extensions\pythagoratechnologies.pythagora-vs-code-2.6.19\out\extension.js:409:15)
	at pee.eb (file:///c:/Users/APOORV/AppData/Local/Programs/Microsoft%20VS%20Code/c3a26841a8/resources/app/out/vs/workbench/api/node/extensionHostProcess.js:120:11880)
	at file:///c:/Users/APOORV/AppData/Local/Programs/Microsoft%20VS%20Code/c3a26841a8/resources/app/out/vs/workbench/api/node/extensionHostProcess.js:120:10030
	at Array.map (<anonymous>)
	at pee.$ (file:///c:/Users/APOORV/AppData/Local/Programs/Microsoft%20VS%20Code/c3a26841a8/resources/app/out/vs/workbench/api/node/extensionHostProcess.js:120:10018)
	at pee.terminate (file:///c:/Users/APOORV/AppData/Local/Programs/Microsoft%20VS%20Code/c3a26841a8/resources/app/out/vs/workbench/api/node/extensionHostProcess.js:120:10261)
	at nR.terminate (file:///c:/Users/APOORV/AppData/Local/Programs/Microsoft%20VS%20Code/c3a26841a8/resources/app/out/vs/workbench/api/node/extensionHostProcess.js:122:914)
	at zr (file:///c:/Users/APOORV/AppData/Local/Programs/Microsoft%20VS%20Code/c3a26841a8/resources/app/out/vs/workbench/api/node/extensionHostProcess.js:405:11144)
	at MessagePortMain.<anonymous> (file:///c:/Users/APOORV/AppData/Local/Programs/Microsoft%20VS%20Code/c3a26841a8/resources/app/out/vs/workbench/api/node/extensionHostProcess.js:405:7611)
	at MessagePortMain.emit (node:events:519:28)
	at MessagePortMain._internalPort.emit (node:electron/js2c/utility_init:2:2959)
Extra context: {
  "message": "Canceled"
}
2026-02-18T20:44:31.081Z INFO Is remote: false
2026-02-18T20:44:31.081Z INFO Starting Local. Installation path: undefined
2026-02-18T20:44:31.082Z INFO [MainProvider] Creating new MainProvider instance...
2026-02-18T20:44:31.083Z INFO [TabsManager] Code view listener set up at initialization
2026-02-18T20:44:31.084Z INFO Installation path exists: d:\Apoorv_Resume\Portfolio
2026-02-18T20:44:31.084Z INFO Initializing database with URL: file:C:\Users\APOORV\AppData\Local\Temp\pythagora-temp\pythagora.db
2026-02-18T20:44:31.086Z INFO Database file exists, skipping prisma generate/push for faster startup
2026-02-18T20:44:31.087Z INFO Database initialized successfully
2026-02-18T20:44:31.087Z INFO [Migration] Checking for database migration...
2026-02-18T20:44:31.190Z INFO [Migration] No migration needed
2026-02-18T20:44:37.894Z INFO [TabsManager] First file opened, triggering split view
2026-02-18T20:44:37.895Z INFO [MainProvider] First file opened, creating split view
2026-02-18T21:00:01.597Z INFO Closing entire Pythagora extension...
2026-02-18T21:00:01.603Z ERROR Error closing extension
Error: Canceled
Stack: Canceled: Canceled
	at new rU (file:///c:/Users/APOORV/AppData/Local/Programs/Microsoft%20VS%20Code/c3a26841a8/resources/app/out/vs/workbench/api/node/extensionHostProcess.js:29:120928)
	at LE.U (file:///c:/Users/APOORV/AppData/Local/Programs/Microsoft%20VS%20Code/c3a26841a8/resources/app/out/vs/workbench/api/node/extensionHostProcess.js:29:125538)
	at r.<computed>.n.charCodeAt.r.<computed> (file:///c:/Users/APOORV/AppData/Local/Programs/Microsoft%20VS%20Code/c3a26841a8/resources/app/out/vs/workbench/api/node/extensionHostProcess.js:29:123032)
	at CA.g (file:///c:/Users/APOORV/AppData/Local/Programs/Microsoft%20VS%20Code/c3a26841a8/resources/app/out/vs/workbench/api/node/extensionHostProcess.js:116:41231)
	at CA.executeCommand (file:///c:/Users/APOORV/AppData/Local/Programs/Microsoft%20VS%20Code/c3a26841a8/resources/app/out/vs/workbench/api/node/extensionHostProcess.js:116:40735)
	at Object.executeCommand (file:///c:/Users/APOORV/AppData/Local/Programs/Microsoft%20VS%20Code/c3a26841a8/resources/app/out/vs/workbench/api/node/extensionHostProcess.js:213:104946)
	at closeEntirePythagoraExtension (c:\Users\APOORV\.vscode\extensions\pythagoratechnologies.pythagora-vs-code-2.6.19\out\extension.js:542:31)
	at Object.deactivate (c:\Users\APOORV\.vscode\extensions\pythagoratechnologies.pythagora-vs-code-2.6.19\out\extension.js:409:15)
	at pee.eb (file:///c:/Users/APOORV/AppData/Local/Programs/Microsoft%20VS%20Code/c3a26841a8/resources/app/out/vs/workbench/api/node/extensionHostProcess.js:120:11880)
	at file:///c:/Users/APOORV/AppData/Local/Programs/Microsoft%20VS%20Code/c3a26841a8/resources/app/out/vs/workbench/api/node/extensionHostProcess.js:120:10030
	at Array.map (<anonymous>)
	at pee.$ (file:///c:/Users/APOORV/AppData/Local/Programs/Microsoft%20VS%20Code/c3a26841a8/resources/app/out/vs/workbench/api/node/extensionHostProcess.js:120:10018)
	at pee.terminate (file:///c:/Users/APOORV/AppData/Local/Programs/Microsoft%20VS%20Code/c3a26841a8/resources/app/out/vs/workbench/api/node/extensionHostProcess.js:120:10261)
	at nR.terminate (file:///c:/Users/APOORV/AppData/Local/Programs/Microsoft%20VS%20Code/c3a26841a8/resources/app/out/vs/workbench/api/node/extensionHostProcess.js:122:914)
	at zr (file:///c:/Users/APOORV/AppData/Local/Programs/Microsoft%20VS%20Code/c3a26841a8/resources/app/out/vs/workbench/api/node/extensionHostProcess.js:405:11144)
	at MessagePortMain.<anonymous> (file:///c:/Users/APOORV/AppData/Local/Programs/Microsoft%20VS%20Code/c3a26841a8/resources/app/out/vs/workbench/api/node/extensionHostProcess.js:405:7611)
	at MessagePortMain.emit (node:events:519:28)
	at MessagePortMain._internalPort.emit (node:electron/js2c/utility_init:2:2959)
Extra context: {
  "message": "Canceled"
}
